<?xml version="1.0" encoding="UTF-8"?>
<testng-results ignored="0" total="1" passed="1" failed="0" skipped="0">
  <reporter-output>
  </reporter-output>
  <suite started-at="2022-02-02T16:06:04 IST" name="Default suite" finished-at="2022-02-02T16:06:11 IST" duration-ms="7459">
    <groups>
    </groups>
    <test started-at="2022-02-02T16:06:04 IST" name="Default test" finished-at="2022-02-02T16:06:11 IST" duration-ms="7459">
      <class name="testing.annotations.Draganddrop">
        <test-method is-config="true" signature="beforeTest()[pri:0, instance:testing.annotations.Draganddrop@24fcf36f]" started-at="2022-02-02T16:06:04 IST" name="beforeTest" finished-at="2022-02-02T16:06:06 IST" duration-ms="2107" status="PASS">
          <reporter-output>
          </reporter-output>
        </test-method> <!-- beforeTest -->
        <test-method signature="test()[pri:0, instance:testing.annotations.Draganddrop@24fcf36f]" started-at="2022-02-02T16:06:06 IST" name="test" finished-at="2022-02-02T16:06:11 IST" duration-ms="5316" status="PASS">
          <reporter-output>
          </reporter-output>
        </test-method> <!-- test -->
        <test-method is-config="true" signature="afterTest()[pri:0, instance:testing.annotations.Draganddrop@24fcf36f]" started-at="2022-02-02T16:06:11 IST" name="afterTest" finished-at="2022-02-02T16:06:11 IST" duration-ms="0" status="PASS">
          <reporter-output>
          </reporter-output>
        </test-method> <!-- afterTest -->
      </class> <!-- testing.annotations.Draganddrop -->
    </test> <!-- Default test -->
  </suite> <!-- Default suite -->
</testng-results>
