<?xml version="1.0" encoding="UTF-8"?>
<!-- Generated by org.testng.reporters.JUnitXMLReporter -->
<testsuite ignored="0" hostname="DESKTOP-C285B18" failures="0" tests="5" name="Test" time="18.312" errors="0" timestamp="2022-02-04T14:27:22 IST">
  <testcase classname="testNG.activity.ImplicitExplicit" name="test" time="7.609"/>
  <testcase classname="testNG.activity.NewTest" name="test" time="7.724"/>
  <testcase classname="testNG.activity.ImplicitExplicit" name="dev" time="7.072"/>
  <testcase classname="testNG.activity.NewTest" name="nykaa" time="7.425"/>
  <testcase classname="testNG.activity.ImplicitExplicit" name="java" time="3.573"/>
</testsuite> <!-- Test -->
