<?xml version="1.0" encoding="UTF-8"?>
<!-- Generated by org.testng.reporters.JUnitXMLReporter -->
<testsuite ignored="0" hostname="DESKTOP-C285B18" failures="0" tests="3" name="Default test" time="9.442" errors="0" timestamp="2022-02-03T14:21:25 IST">
  <testcase classname="DataDriven.TestNG.DataDriven" name="test" time="4.417"/>
  <testcase classname="DataDriven.TestNG.DataDriven" name="test" time="1.549"/>
  <testcase classname="DataDriven.TestNG.DataDriven" name="test" time="1.019"/>
</testsuite> <!-- Default test -->
