<?xml version="1.0" encoding="UTF-8"?>
<testng-results ignored="0" total="2" passed="2" failed="0" skipped="0">
  <reporter-output>
  </reporter-output>
  <suite started-at="2022-02-20T16:30:06 IST" name="Default suite" finished-at="2022-02-20T16:30:25 IST" duration-ms="19344">
    <groups>
    </groups>
    <test started-at="2022-02-20T16:30:06 IST" name="Default test" finished-at="2022-02-20T16:30:25 IST" duration-ms="19344">
      <class name="com.ariline.ticketbooking.FlipkartTestng">
        <test-method is-config="true" signature="beforeTest()[pri:0, instance:com.ariline.ticketbooking.FlipkartTestng@1e683a3e]" started-at="2022-02-20T16:30:06 IST" name="beforeTest" finished-at="2022-02-20T16:30:08 IST" duration-ms="2374" status="PASS">
          <reporter-output>
          </reporter-output>
        </test-method> <!-- beforeTest -->
        <test-method signature="flipkart()[pri:1, instance:com.ariline.ticketbooking.FlipkartTestng@1e683a3e]" started-at="2022-02-20T16:30:08 IST" name="flipkart" finished-at="2022-02-20T16:30:21 IST" duration-ms="12815" status="PASS">
          <reporter-output>
          </reporter-output>
        </test-method> <!-- flipkart -->
        <test-method signature="price()[pri:2, instance:com.ariline.ticketbooking.FlipkartTestng@1e683a3e]" started-at="2022-02-20T16:30:21 IST" name="price" finished-at="2022-02-20T16:30:24 IST" duration-ms="3277" status="PASS">
          <reporter-output>
          </reporter-output>
        </test-method> <!-- price -->
        <test-method is-config="true" signature="afterTest()[pri:0, instance:com.ariline.ticketbooking.FlipkartTestng@1e683a3e]" started-at="2022-02-20T16:30:24 IST" name="afterTest" finished-at="2022-02-20T16:30:25 IST" duration-ms="831" status="PASS">
          <reporter-output>
          </reporter-output>
        </test-method> <!-- afterTest -->
      </class> <!-- com.ariline.ticketbooking.FlipkartTestng -->
    </test> <!-- Default test -->
  </suite> <!-- Default suite -->
</testng-results>
