<?xml version="1.0" encoding="UTF-8"?>
<testng-results ignored="0" total="3" passed="3" failed="0" skipped="0">
  <reporter-output>
  </reporter-output>
  <suite started-at="2022-02-03T14:21:16 IST" name="Default suite" finished-at="2022-02-03T14:21:25 IST" duration-ms="9442">
    <groups>
    </groups>
    <test started-at="2022-02-03T14:21:16 IST" name="Default test" finished-at="2022-02-03T14:21:25 IST" duration-ms="9442">
      <class name="DataDriven.TestNG.DataDriven">
        <test-method is-config="true" signature="beforeTest()[pri:0, instance:DataDriven.TestNG.DataDriven@429bffaa]" started-at="2022-02-03T14:21:16 IST" name="beforeTest" finished-at="2022-02-03T14:21:18 IST" duration-ms="2334" status="PASS">
          <reporter-output>
          </reporter-output>
        </test-method> <!-- beforeTest -->
        <test-method signature="test(java.lang.String,java.lang.String)[pri:0, instance:DataDriven.TestNG.DataDriven@429bffaa]" started-at="2022-02-03T14:21:18 IST" name="test" data-provider="login" finished-at="2022-02-03T14:21:22 IST" duration-ms="4417" status="PASS">
          <params>
            <param index="0">
              <value>
                <![CDATA[sandhiya]]>
              </value>
            </param>
            <param index="1">
              <value>
                <![CDATA[sandhi]]>
              </value>
            </param>
          </params>
          <reporter-output>
          </reporter-output>
        </test-method> <!-- test -->
        <test-method signature="test(java.lang.String,java.lang.String)[pri:0, instance:DataDriven.TestNG.DataDriven@429bffaa]" started-at="2022-02-03T14:21:22 IST" name="test" data-provider="login" finished-at="2022-02-03T14:21:24 IST" duration-ms="1549" status="PASS">
          <params>
            <param index="0">
              <value>
                <![CDATA[diksheeka]]>
              </value>
            </param>
            <param index="1">
              <value>
                <![CDATA[dikshi]]>
              </value>
            </param>
          </params>
          <reporter-output>
          </reporter-output>
        </test-method> <!-- test -->
        <test-method signature="test(java.lang.String,java.lang.String)[pri:0, instance:DataDriven.TestNG.DataDriven@429bffaa]" started-at="2022-02-03T14:21:24 IST" name="test" data-provider="login" finished-at="2022-02-03T14:21:25 IST" duration-ms="1019" status="PASS">
          <params>
            <param index="0">
              <value>
                <![CDATA[hema]]>
              </value>
            </param>
            <param index="1">
              <value>
                <![CDATA[hemat]]>
              </value>
            </param>
          </params>
          <reporter-output>
          </reporter-output>
        </test-method> <!-- test -->
        <test-method is-config="true" signature="afterTest()[pri:0, instance:DataDriven.TestNG.DataDriven@429bffaa]" started-at="2022-02-03T14:21:25 IST" name="afterTest" finished-at="2022-02-03T14:21:25 IST" duration-ms="79" status="PASS">
          <reporter-output>
          </reporter-output>
        </test-method> <!-- afterTest -->
      </class> <!-- DataDriven.TestNG.DataDriven -->
    </test> <!-- Default test -->
  </suite> <!-- Default suite -->
</testng-results>
