<?xml version="1.0" encoding="UTF-8"?>
<testng-results ignored="0" total="1" passed="1" failed="0" skipped="0">
  <reporter-output>
  </reporter-output>
  <suite started-at="2022-02-14T15:28:59 IST" name="Suite" finished-at="2022-02-14T15:29:13 IST" duration-ms="14825">
    <groups>
    </groups>
    <test started-at="2022-02-14T15:28:59 IST" name="Test" finished-at="2022-02-14T15:29:13 IST" duration-ms="14825">
      <class name="testng.activity.NegativeTest">
        <test-method is-config="true" signature="beforeTest()[pri:0, instance:testng.activity.NegativeTest@429bffaa]" started-at="2022-02-14T15:28:59 IST" name="beforeTest" finished-at="2022-02-14T15:29:04 IST" duration-ms="4966" status="PASS">
          <reporter-output>
          </reporter-output>
        </test-method> <!-- beforeTest -->
        <test-method signature="test(java.lang.String,java.lang.String)[pri:0, instance:testng.activity.NegativeTest@429bffaa]" started-at="2022-02-14T15:29:04 IST" name="test" data-provider="login" finished-at="2022-02-14T15:29:13 IST" duration-ms="9795" status="PASS">
          <params>
            <param index="0">
              <value>
                <![CDATA[sandhiya#gmail.com]]>
              </value>
            </param>
            <param index="1">
              <value>
                <![CDATA[sandhiya@26A]]>
              </value>
            </param>
          </params>
          <reporter-output>
          </reporter-output>
        </test-method> <!-- test -->
        <test-method is-config="true" signature="afterTest()[pri:0, instance:testng.activity.NegativeTest@429bffaa]" started-at="2022-02-14T15:29:13 IST" name="afterTest" finished-at="2022-02-14T15:29:13 IST" duration-ms="3" status="PASS">
          <reporter-output>
          </reporter-output>
        </test-method> <!-- afterTest -->
      </class> <!-- testng.activity.NegativeTest -->
    </test> <!-- Test -->
  </suite> <!-- Suite -->
</testng-results>
