<?xml version="1.0" encoding="UTF-8"?>
<!-- Generated by org.testng.reporters.JUnitXMLReporter -->
<testsuite ignored="0" hostname="DESKTOP-C285B18" failures="1" tests="1" name="test2" time="10.019" errors="0" timestamp="2022-02-14T15:52:47 IST">
  <testcase classname="com.ariline.ticketbooking.Nonstop" name="nonstop" time="10.012">
    <failure type="java.lang.NullPointerException">
      <![CDATA[java.lang.NullPointerException
at com.ariline.ticketbooking.Nonstop.nonstop(Nonstop.java:26)
at java.base/java.util.ArrayList.forEach(ArrayList.java:1541)
... Removed 27 stack frames]]>
    </failure>
  </testcase> <!-- nonstop -->
</testsuite> <!-- test2 -->
