<?xml version="1.0" encoding="UTF-8"?>
<!-- Generated by org.testng.reporters.JUnitXMLReporter -->
<testsuite ignored="0" hostname="DESKTOP-C285B18" failures="0" tests="7" name="Default test" time="39.376" errors="0" timestamp="2022-02-20T21:53:15 IST">
  <testcase classname="com.selenium.project4.Airline" name="airline" time="23.139"/>
  <testcase classname="com.selenium.project4.Airline" name="nonstop" time="3.423"/>
  <testcase classname="com.selenium.project4.Airline" name="price" time="0.061"/>
  <testcase classname="com.selenium.project4.Airline" name="amount" time="0.043"/>
  <testcase classname="com.selenium.project4.Airline" name="capture" time="3.353"/>
  <testcase classname="com.selenium.project4.Airline" name="book" time="1.256"/>
  <testcase classname="com.selenium.project4.Airline" name="clickOnContinue" time="3.034"/>
</testsuite> <!-- Default test -->
