<?xml version="1.0" encoding="UTF-8"?>
<testng-results ignored="0" total="2" passed="2" failed="0" skipped="0">
  <reporter-output>
  </reporter-output>
  <suite started-at="2022-02-04T11:58:52 IST" name="Default suite" finished-at="2022-02-04T11:59:04 IST" duration-ms="11833">
    <groups>
    </groups>
    <test started-at="2022-02-04T11:58:52 IST" name="Default test" finished-at="2022-02-04T11:59:04 IST" duration-ms="11833">
      <class name="Activity.ImplicitExplicit">
        <test-method is-config="true" signature="beforeTest()[pri:0, instance:Activity.ImplicitExplicit@10feca44]" started-at="2022-02-04T11:58:52 IST" name="beforeTest" finished-at="2022-02-04T11:58:52 IST" duration-ms="7" status="PASS">
          <reporter-output>
          </reporter-output>
        </test-method> <!-- beforeTest -->
        <test-method signature="test()[pri:1, instance:Activity.ImplicitExplicit@10feca44]" started-at="2022-02-04T11:58:52 IST" name="test" finished-at="2022-02-04T11:58:58 IST" duration-ms="6008" status="PASS">
          <reporter-output>
          </reporter-output>
        </test-method> <!-- test -->
        <test-method signature="nykaa()[pri:2, instance:Activity.ImplicitExplicit@10feca44]" started-at="2022-02-04T11:58:58 IST" name="nykaa" finished-at="2022-02-04T11:59:04 IST" duration-ms="5782" status="PASS">
          <reporter-output>
          </reporter-output>
        </test-method> <!-- nykaa -->
        <test-method is-config="true" signature="afterTest()[pri:0, instance:Activity.ImplicitExplicit@10feca44]" started-at="2022-02-04T11:59:04 IST" name="afterTest" finished-at="2022-02-04T11:59:04 IST" duration-ms="1" status="PASS">
          <reporter-output>
          </reporter-output>
        </test-method> <!-- afterTest -->
      </class> <!-- Activity.ImplicitExplicit -->
    </test> <!-- Default test -->
  </suite> <!-- Default suite -->
</testng-results>
